[2025-04-01 18:43:51] - [error] - [31mUnknown route[39m
[2025-04-01 18:55:57] - [error] - [31mUnknown route[39m
[2025-04-01 19:05:51] - [error] - [31mUnknown route[39m
[2025-04-01 19:07:56] - [error] - [31mUnknown route[39m
[2025-04-01 19:09:27] - [error] - [31mUnknown route[39m
[2025-04-01 19:10:03] - [error] - [31mUnknown route[39m
[2025-04-01 19:14:12] - [error] - [31mUnknown route[39m
[2025-04-01 20:01:21] - [error] - [31mDatabase connection error: Duplicate entry '2' for key 'collections.PRIMARY'[39m
[2025-04-01 20:23:03] - [error] - [31mUnknown route[39m
[2025-04-01 21:18:48] - [error] - [31mUnknown route[39m
[2025-04-01 22:26:41] - [error] - [31mUnexpected non-whitespace character after JSON at position 167 (line 8 column 3)[39m
[2025-04-01 22:27:01] - [error] - [31m"id" is not allowed[39m
[2025-04-01 22:27:20] - [error] - [31m"createdAt" is not allowed[39m
[2025-04-01 22:27:33] - [error] - [31m"tasks" is not allowed[39m
[2025-04-01 22:28:14] - [error] - [31mCollection not found[39m
[2025-04-02 01:30:34] - [error] - [31mCollection not found[39m
[2025-04-02 01:32:01] - [error] - [31m"parentTaskId" must be a number[39m
[2025-04-02 01:34:33] - [error] - [31mCannot read properties of undefined (reading 'id')[39m
[2025-04-02 01:34:38] - [error] - [31mCannot read properties of undefined (reading 'id')[39m
[2025-04-02 01:35:54] - [error] - [31mCannot read properties of undefined (reading 'id')[39m
[2025-04-02 01:36:06] - [error] - [31mExpected double-quoted property name in JSON at position 82 (line 5 column 1)[39m
[2025-04-02 01:36:42] - [error] - [31mCannot read properties of undefined (reading 'id')[39m
[2025-04-02 01:36:55] - [error] - [31m"parentTaskId" must be a number[39m
[2025-04-02 01:37:05] - [error] - [31mExpected double-quoted property name in JSON at position 82 (line 5 column 1)[39m
[2025-04-02 01:37:15] - [error] - [31mCannot read properties of undefined (reading 'id')[39m
[2025-04-02 01:38:24] - [error] - [31mCannot read properties of undefined (reading 'id')[39m
[2025-04-02 01:41:31] - [error] - [31mCannot read properties of undefined (reading 'id')[39m
[2025-04-02 01:41:57] - [error] - [31mCannot read properties of undefined (reading 'id')[39m
[2025-04-02 01:46:35] - [error] - [31mCannot read properties of undefined (reading 'id')[39m
[2025-04-02 01:54:00] - [error] - [31mCannot read properties of undefined (reading 'id')[39m
[2025-04-02 02:02:33] - [error] - [31m"parentTaskId" must be a number[39m
[2025-04-02 02:02:43] - [error] - [31mCannot read properties of undefined (reading 'id')[39m
[2025-04-02 02:11:18] - [error] - [31mCannot read properties of undefined (reading 'id')[39m
[2025-04-02 02:16:09] - [error] - [31mCannot read properties of undefined (reading 'id')[39m
[2025-04-02 02:25:18] - [error] - [31mUnexpected number in JSON at position 80 (line 4 column 20)[39m
[2025-04-02 02:25:25] - [error] - [31mCollection not found[39m
[2025-04-02 02:28:31] - [error] - [31mCannot delete or update a parent row: a foreign key constraint fails (`task-database-test`.`tasks`, CONSTRAINT `FK_44a1f7af32d396c871bb73fb1a8` FOREIGN KEY (`collection_id`) REFERENCES `collections` (`id`))[39m
[2025-04-02 02:36:30] - [error] - [31mDatabase connection error: Duplicate foreign key constraint name 'FK_44a1f7af32d396c871bb73fb1a8'[39m
[2025-04-02 03:01:58] - [error] - [31mCannot read properties of undefined (reading 'mapCollectionEntityToCollection')[39m
[2025-04-02 03:14:12] - [error] - [31mCannot read properties of undefined (reading 'mapCollectionEntityToCollection')[39m
[2025-04-02 03:39:17] - [error] - [31mParent task not found[39m
[2025-04-02 03:39:45] - [error] - [31mCannot read properties of undefined (reading 'id')[39m
[2025-04-02 03:41:02] - [error] - [31mCannot read properties of undefined (reading 'id')[39m
[2025-04-02 03:42:28] - [error] - [31mCannot read properties of undefined (reading 'id')[39m
[2025-04-02 03:49:47] - [error] - [31mCannot read properties of undefined (reading 'id')[39m
[2025-04-02 03:49:57] - [error] - [31mTask not found[39m
[2025-04-02 03:50:09] - [error] - [31mTask not found[39m
[2025-04-02 03:50:13] - [error] - [31mCannot read properties of undefined (reading 'id')[39m
[2025-04-02 03:51:00] - [error] - [31mCannot read properties of undefined (reading 'id')[39m
[2025-04-02 03:56:26] - [error] - [31mTask entity missing collection, which is not allowed[39m
[2025-04-02 03:59:27] - [error] - [31mCannot read properties of undefined (reading 'id')[39m
[2025-04-02 04:08:55] - [error] - [31mCannot read properties of undefined (reading 'id')[39m
[2025-04-02 04:09:03] - [error] - [31mExpected double-quoted property name in JSON at position 82 (line 5 column 1)[39m
[2025-04-02 04:09:09] - [error] - [31mCannot read properties of undefined (reading 'id')[39m
[2025-04-02 04:09:30] - [error] - [31mCannot read properties of undefined (reading 'id')[39m
[2025-04-02 04:10:23] - [error] - [31mCannot read properties of undefined (reading 'id')[39m
[2025-04-02 04:11:47] - [error] - [31mCannot read properties of undefined (reading 'id')[39m
[2025-04-02 04:34:46] - [error] - [31mCannot read properties of undefined (reading 'id')[39m
[2025-04-02 04:39:22] - [error] - [31mCannot read properties of undefined (reading 'mapTaskEntityToTask')[39m
[2025-04-02 10:37:28] - [error] - [31mUnknown route[39m
[2025-04-02 10:37:30] - [error] - [31mUnknown route[39m
[2025-04-02 10:37:32] - [error] - [31mUnknown route[39m
[2025-04-02 10:37:36] - [error] - [31mUnknown route[39m
[2025-04-02 13:34:17] - [error] - [31mUnknown route[39m
[2025-04-02 13:34:18] - [error] - [31mUnknown route[39m
[2025-04-02 13:34:20] - [error] - [31mUnknown route[39m
[2025-04-02 13:34:24] - [error] - [31mUnknown route[39m
[2025-04-02 14:46:52] - [error] - [31mUnknown route[39m
[2025-04-02 14:46:53] - [error] - [31mUnknown route[39m
[2025-04-02 14:46:55] - [error] - [31mUnknown route[39m
[2025-04-02 14:46:59] - [error] - [31mUnknown route[39m
[2025-04-02 15:23:51] - [error] - [31mUnknown route[39m
[2025-04-02 15:23:52] - [error] - [31mUnknown route[39m
[2025-04-02 15:23:54] - [error] - [31mUnknown route[39m
[2025-04-02 15:23:58] - [error] - [31mUnknown route[39m
[2025-04-02 15:24:00] - [error] - [31mUnknown route[39m
[2025-04-02 15:43:22] - [error] - [31mUnknown route[39m
[2025-04-02 15:43:23] - [error] - [31mUnknown route[39m
[2025-04-02 16:54:23] - [error] - [31mUnknown route[39m
[2025-04-02 16:54:24] - [error] - [31mUnknown route[39m
[2025-04-02 16:54:26] - [error] - [31mUnknown route[39m
[2025-04-02 16:54:30] - [error] - [31mUnknown route[39m
[2025-04-02 18:02:31] - [error] - [31mUnknown route[39m
[2025-04-02 18:02:32] - [error] - [31mUnknown route[39m
[2025-04-02 18:02:34] - [error] - [31mUnknown route[39m
[2025-04-02 18:11:24] - [error] - [31mUnknown route[39m
[2025-04-02 18:11:26] - [error] - [31mUnknown route[39m
[2025-04-02 18:11:28] - [error] - [31mUnknown route[39m
[2025-04-02 18:11:32] - [error] - [31mUnknown route[39m
[2025-04-02 18:11:58] - [error] - [31mUnknown route[39m
[2025-04-02 18:12:00] - [error] - [31mUnknown route[39m
[2025-04-02 18:12:30] - [error] - [31mUnknown route[39m
[2025-04-02 18:12:31] - [error] - [31mUnknown column 'NaN' in 'where clause'[39m
[2025-04-02 18:12:33] - [error] - [31mUnknown column 'NaN' in 'where clause'[39m
[2025-04-02 18:12:37] - [error] - [31mUnknown column 'NaN' in 'where clause'[39m
[2025-04-02 18:13:21] - [error] - [31mUnknown column 'NaN' in 'where clause'[39m
[2025-04-02 18:13:22] - [error] - [31mUnknown column 'NaN' in 'where clause'[39m
[2025-04-02 18:13:24] - [error] - [31mUnknown column 'NaN' in 'where clause'[39m
[2025-04-02 18:13:30] - [error] - [31mUnknown column 'NaN' in 'where clause'[39m
[2025-04-02 18:13:31] - [error] - [31mUnknown column 'NaN' in 'where clause'[39m
[2025-04-02 18:13:33] - [error] - [31mUnknown column 'NaN' in 'where clause'[39m
[2025-04-02 18:13:37] - [error] - [31mUnknown column 'NaN' in 'where clause'[39m
[2025-04-02 18:13:45] - [error] - [31mUnknown column 'NaN' in 'where clause'[39m
[2025-04-02 18:13:46] - [error] - [31mUnknown column 'NaN' in 'where clause'[39m
[2025-04-02 18:13:49] - [error] - [31mUnknown column 'NaN' in 'where clause'[39m
[2025-04-02 18:13:50] - [error] - [31mUnknown column 'NaN' in 'where clause'[39m
[2025-04-02 18:13:52] - [error] - [31mUnknown column 'NaN' in 'where clause'[39m
[2025-04-02 18:13:56] - [error] - [31mUnknown column 'NaN' in 'where clause'[39m
[2025-04-02 18:14:55] - [error] - [31mUnknown column 'NaN' in 'where clause'[39m
[2025-04-02 18:41:58] - [error] - [31mUnknown route[39m
[2025-04-02 18:41:59] - [error] - [31mUnknown route[39m
[2025-04-02 18:42:00] - [error] - [31mUnknown route[39m
[2025-04-02 18:42:10] - [error] - [31mCannot delete or update a parent row: a foreign key constraint fails (`task-database-test`.`tasks`, CONSTRAINT `FK_54fc42a253a8338488ec1f960ad` FOREIGN KEY (`parent_task_id`) REFERENCES `tasks` (`id`))[39m
[2025-04-02 18:42:15] - [error] - [31mUnknown route[39m
[2025-04-02 19:02:43] - [error] - [31mUnknown route[39m
[2025-04-02 19:02:45] - [error] - [31mUnknown route[39m
[2025-04-02 19:59:05] - [error] - [31mUnknown route[39m
[2025-04-02 19:59:07] - [error] - [31mUnknown route[39m
[2025-04-02 19:59:08] - [error] - [31mUnknown route[39m
[2025-04-02 19:59:09] - [error] - [31mUnknown route[39m
[2025-04-02 20:20:00] - [error] - [31mCannot delete or update a parent row: a foreign key constraint fails (`task-database-test`.`tasks`, CONSTRAINT `FK_54fc42a253a8338488ec1f960ad` FOREIGN KEY (`parent_task_id`) REFERENCES `tasks` (`id`))[39m
[2025-04-02 20:20:01] - [error] - [31mCannot delete or update a parent row: a foreign key constraint fails (`task-database-test`.`tasks`, CONSTRAINT `FK_54fc42a253a8338488ec1f960ad` FOREIGN KEY (`parent_task_id`) REFERENCES `tasks` (`id`))[39m
[2025-04-02 20:20:02] - [error] - [31mCannot delete or update a parent row: a foreign key constraint fails (`task-database-test`.`tasks`, CONSTRAINT `FK_54fc42a253a8338488ec1f960ad` FOREIGN KEY (`parent_task_id`) REFERENCES `tasks` (`id`))[39m
[2025-04-02 20:20:02] - [error] - [31mCannot delete or update a parent row: a foreign key constraint fails (`task-database-test`.`tasks`, CONSTRAINT `FK_54fc42a253a8338488ec1f960ad` FOREIGN KEY (`parent_task_id`) REFERENCES `tasks` (`id`))[39m
[2025-04-02 20:20:02] - [error] - [31mCannot delete or update a parent row: a foreign key constraint fails (`task-database-test`.`tasks`, CONSTRAINT `FK_54fc42a253a8338488ec1f960ad` FOREIGN KEY (`parent_task_id`) REFERENCES `tasks` (`id`))[39m
[2025-04-02 20:20:02] - [error] - [31mCannot delete or update a parent row: a foreign key constraint fails (`task-database-test`.`tasks`, CONSTRAINT `FK_54fc42a253a8338488ec1f960ad` FOREIGN KEY (`parent_task_id`) REFERENCES `tasks` (`id`))[39m
[2025-04-02 20:20:03] - [error] - [31mCannot delete or update a parent row: a foreign key constraint fails (`task-database-test`.`tasks`, CONSTRAINT `FK_54fc42a253a8338488ec1f960ad` FOREIGN KEY (`parent_task_id`) REFERENCES `tasks` (`id`))[39m
[2025-04-02 20:20:03] - [error] - [31mCannot delete or update a parent row: a foreign key constraint fails (`task-database-test`.`tasks`, CONSTRAINT `FK_54fc42a253a8338488ec1f960ad` FOREIGN KEY (`parent_task_id`) REFERENCES `tasks` (`id`))[39m
[2025-04-02 20:20:06] - [error] - [31mCannot delete or update a parent row: a foreign key constraint fails (`task-database-test`.`tasks`, CONSTRAINT `FK_54fc42a253a8338488ec1f960ad` FOREIGN KEY (`parent_task_id`) REFERENCES `tasks` (`id`))[39m
[2025-04-02 20:20:06] - [error] - [31mCannot delete or update a parent row: a foreign key constraint fails (`task-database-test`.`tasks`, CONSTRAINT `FK_54fc42a253a8338488ec1f960ad` FOREIGN KEY (`parent_task_id`) REFERENCES `tasks` (`id`))[39m
[2025-04-02 20:20:06] - [error] - [31mCannot delete or update a parent row: a foreign key constraint fails (`task-database-test`.`tasks`, CONSTRAINT `FK_54fc42a253a8338488ec1f960ad` FOREIGN KEY (`parent_task_id`) REFERENCES `tasks` (`id`))[39m
[2025-04-02 20:20:07] - [error] - [31mCannot delete or update a parent row: a foreign key constraint fails (`task-database-test`.`tasks`, CONSTRAINT `FK_54fc42a253a8338488ec1f960ad` FOREIGN KEY (`parent_task_id`) REFERENCES `tasks` (`id`))[39m
[2025-04-02 20:27:48] - [error] - [31mUnknown route[39m
[2025-04-02 20:27:49] - [error] - [31mUnknown route[39m
[2025-04-02 20:27:50] - [error] - [31mUnknown route[39m
[2025-04-02 20:28:07] - [error] - [31mUnknown route[39m
[2025-04-02 20:28:26] - [error] - [31mUnknown route[39m
[2025-04-02 23:32:43] - [error] - [31m"date" must be a valid date[39m
[2025-04-02 23:32:49] - [error] - [31m"date" must be a valid date[39m
[2025-04-02 23:33:16] - [error] - [31m"date" must be a valid date[39m
[2025-04-02 23:33:42] - [error] - [31m"date" must be a valid date[39m
[2025-04-02 23:34:18] - [error] - [31mUnknown route[39m
[2025-04-02 23:34:23] - [error] - [31mUnknown route[39m
[2025-04-02 23:34:27] - [error] - [31mUnknown route[39m
[2025-04-02 23:34:28] - [error] - [31mUnknown route[39m
[2025-04-02 23:34:30] - [error] - [31mUnknown route[39m
[2025-04-03 09:01:07] - [error] - [31mUnknown route[39m
[2025-04-03 09:01:08] - [error] - [31mUnknown route[39m
[2025-04-03 09:01:09] - [error] - [31mUnknown route[39m
[2025-04-03 09:01:13] - [error] - [31mUnknown route[39m
[2025-04-03 09:41:19] - [error] - [31mUnknown route[39m
[2025-04-03 09:58:57] - [error] - [31m"date" must be a valid date[39m
[2025-04-03 10:21:10] - [error] - [31mUnknown route[39m
[2025-04-03 10:21:12] - [error] - [31mUnknown route[39m
[2025-04-03 16:28:37] - [error] - [31mUnknown route[39m
[2025-04-03 16:28:50] - [error] - [31m"date" must be a valid date[39m
[2025-04-03 16:44:28] - [error] - [31mUnknown route[39m
[2025-04-03 17:03:00] - [error] - [31mUnknown route[39m
[2025-04-03 17:03:11] - [error] - [31mUnknown route[39m
[2025-04-03 17:03:27] - [error] - [31mUnknown route[39m
[2025-04-03 17:04:36] - [error] - [31mUnknown route[39m
[2025-04-03 17:04:45] - [error] - [31mUnknown route[39m
[2025-04-03 17:05:38] - [error] - [31mDatabase connection error: Table 'tasks' already exists[39m
[2025-04-03 17:07:00] - [error] - [31mUnknown route[39m
[2025-04-03 17:08:49] - [error] - [31m"id" is not allowed[39m
[2025-04-03 17:09:50] - [error] - [31m"id" is not allowed[39m
[2025-04-03 17:10:43] - [error] - [31m"id" is not allowed[39m
[2025-04-03 17:12:09] - [error] - [31m"id" is not allowed[39m
[2025-04-03 17:17:25] - [error] - [31m"date" must be a valid date[39m
[2025-04-03 17:18:03] - [error] - [31m"date" must be a valid date[39m
[2025-04-03 17:22:11] - [error] - [31mUnknown route[39m
[2025-04-03 17:22:13] - [error] - [31mUnknown route[39m
[2025-04-03 17:24:07] - [error] - [31mUnknown route[39m
[2025-04-03 17:25:23] - [error] - [31m"recurrencePattern" must be a string[39m
[2025-04-03 17:28:53] - [error] - [31m"recurrencePattern" must be a string[39m
[2025-04-03 17:34:24] - [error] - [31m"recurrencePattern" must be a string[39m
[2025-04-03 17:34:56] - [error] - [31m"collection" is not allowed[39m
[2025-04-03 17:36:05] - [error] - [31m"recurrencePattern" must be a string[39m
[2025-04-03 17:37:01] - [error] - [31m"collection" is not allowed[39m
[2025-04-03 17:39:06] - [error] - [31m"collection" is not allowed[39m
[2025-04-03 17:40:04] - [error] - [31m"subtasks" is not allowed[39m
[2025-04-03 19:35:56] - [error] - [31mCannot read properties of undefined (reading 'service')[39m
[2025-04-03 19:36:13] - [error] - [31m"date" is required[39m
[2025-04-03 19:37:05] - [error] - [31m"parentTaskId" must be a number[39m
[2025-04-03 19:37:17] - [error] - [31mExpected double-quoted property name in JSON at position 84 (line 6 column 1)[39m
[2025-04-03 19:38:06] - [error] - [31mCannot read properties of undefined (reading 'service')[39m
[2025-04-03 19:45:38] - [error] - [31mCannot delete or update a parent row: a foreign key constraint fails (`task-database-test`.`tasks`, CONSTRAINT `FK_54fc42a253a8338488ec1f960ad` FOREIGN KEY (`parent_task_id`) REFERENCES `tasks` (`id`))[39m
[2025-04-03 19:47:08] - [error] - [31mCannot delete or update a parent row: a foreign key constraint fails (`task-database-test`.`tasks`, CONSTRAINT `FK_54fc42a253a8338488ec1f960ad` FOREIGN KEY (`parent_task_id`) REFERENCES `tasks` (`id`))[39m
[2025-04-03 19:48:31] - [error] - [31mCannot delete or update a parent row: a foreign key constraint fails (`task-database-test`.`tasks`, CONSTRAINT `FK_54fc42a253a8338488ec1f960ad` FOREIGN KEY (`parent_task_id`) REFERENCES `tasks` (`id`))[39m
[2025-04-03 19:54:11] - [error] - [31mParent task not found[39m
[2025-04-03 20:06:07] - [error] - [31m"date" must be a valid date[39m
[2025-04-03 20:14:56] - [error] - [31m"description" must be a string[39m
[2025-04-03 20:15:01] - [error] - [31m"description" must be a string[39m
[2025-04-03 20:15:02] - [error] - [31m"description" must be a string[39m
[2025-04-03 20:15:03] - [error] - [31m"description" must be a string[39m
[2025-04-03 20:15:07] - [error] - [31m"description" must be a string[39m
[2025-04-03 20:19:44] - [error] - [31m"description" must be a string[39m
[2025-04-03 20:19:47] - [error] - [31m"description" must be a string[39m
[2025-04-03 20:20:59] - [error] - [31m"description" must be a string[39m
[2025-04-03 20:21:16] - [error] - [31m"description" must be a string[39m
[2025-04-03 23:42:17] - [error] - [31mCannot read properties of undefined (reading 'service')[39m
[2025-04-03 23:42:18] - [error] - [31mCannot read properties of undefined (reading 'service')[39m
[2025-04-03 23:42:19] - [error] - [31mCannot read properties of undefined (reading 'service')[39m
[2025-04-03 23:43:55] - [error] - [31mCannot read properties of undefined (reading 'service')[39m
[2025-04-03 23:48:27] - [error] - [31mCannot read properties of undefined (reading 'service')[39m
[2025-04-04 00:11:43] - [error] - [31mUnknown route[39m
[2025-04-04 00:11:45] - [error] - [31mUnknown route[39m
[2025-04-04 00:11:46] - [error] - [31mUnknown route[39m
[2025-04-04 00:11:51] - [error] - [31mCannot read properties of undefined (reading 'service')[39m
[2025-04-04 00:11:51] - [error] - [31mUnknown route[39m
[2025-04-04 00:11:53] - [error] - [31mUnknown route[39m
[2025-04-04 00:13:56] - [error] - [31mUnknown route[39m
[2025-04-04 00:13:58] - [error] - [31mUnknown route[39m
[2025-04-04 00:15:19] - [error] - [31mUnknown route[39m
[2025-04-04 00:15:23] - [error] - [31mCannot read properties of undefined (reading 'service')[39m
[2025-04-04 00:15:23] - [error] - [31mUnknown route[39m
[2025-04-04 00:15:26] - [error] - [31mCannot read properties of undefined (reading 'service')[39m
[2025-04-04 00:15:26] - [error] - [31mUnknown route[39m
[2025-04-04 00:15:28] - [error] - [31mUnknown route[39m
[2025-04-04 00:30:57] - [error] - [31mUnknown route[39m
[2025-04-04 00:30:58] - [error] - [31mUnknown route[39m
[2025-04-04 00:31:00] - [error] - [31mUnknown route[39m
[2025-04-04 00:31:07] - [error] - [31mUnknown route[39m
[2025-04-04 00:31:31] - [error] - [31mUnknown route[39m
[2025-04-04 00:31:33] - [error] - [31mUnknown route[39m
[2025-04-04 00:31:57] - [error] - [31mUnknown route[39m
[2025-04-04 00:31:58] - [error] - [31mUnknown route[39m
[2025-04-04 00:32:14] - [error] - [31mUnknown route[39m
[2025-04-04 01:22:43] - [error] - [31mUnknown route[39m
[2025-04-04 01:22:44] - [error] - [31mUnknown route[39m
[2025-04-04 01:22:46] - [error] - [31mUnknown route[39m
[2025-04-04 01:23:30] - [error] - [31mUnknown route[39m
[2025-04-04 02:13:15] - [error] - [31mUnknown route[39m
[2025-04-04 02:13:16] - [error] - [31mUnknown route[39m
[2025-04-04 02:13:20] - [error] - [31mUnknown route[39m
[2025-04-04 02:13:28] - [error] - [31mUnknown route[39m
[2025-04-04 02:13:47] - [error] - [31mUnknown route[39m
[2025-04-04 07:45:28] - [error] - [31mUnknown route[39m
[2025-04-04 07:45:57] - [error] - [31m"subtasks" is not allowed[39m
[2025-04-04 07:45:59] - [error] - [31m"subtasks" is not allowed[39m
[2025-04-04 07:46:05] - [error] - [31m"subtasks" is not allowed[39m
[2025-04-04 07:46:41] - [error] - [31m"subtasks" is not allowed[39m
[2025-04-04 07:46:59] - [error] - [31m"subtasks" is not allowed[39m
[2025-04-04 07:48:40] - [error] - [31mCannot read properties of undefined (reading 'service')[39m
[2025-04-04 07:48:42] - [error] - [31mCannot read properties of undefined (reading 'service')[39m
[2025-04-04 07:48:43] - [error] - [31mCannot read properties of undefined (reading 'service')[39m
[2025-04-04 07:49:21] - [error] - [31mCannot read properties of undefined (reading 'service')[39m
[2025-04-04 07:51:57] - [error] - [31mCannot read properties of undefined (reading 'service')[39m
[2025-04-04 07:53:22] - [error] - [31mCannot read properties of undefined (reading 'service')[39m
[2025-04-04 07:54:18] - [error] - [31mCannot read properties of undefined (reading 'service')[39m
[2025-04-04 07:54:38] - [error] - [31mSubtask not found or not a child of this parent[39m
[2025-04-04 08:50:39] - [error] - [31mSubtask not found or not a child of this parent[39m
[2025-04-04 08:54:56] - [error] - [31m"taskId" is not allowed[39m
[2025-04-04 08:55:15] - [error] - [31m"taskId" is not allowed[39m
[2025-04-04 08:59:45] - [error] - [31m"taskId" is not allowed[39m
[2025-04-04 09:34:08] - [error] - [31mUnknown route[39m
[2025-04-04 09:35:56] - [error] - [31m"title" is not allowed to be empty[39m
[2025-04-04 09:35:57] - [error] - [31m"title" is not allowed to be empty[39m
[2025-04-04 09:35:58] - [error] - [31m"title" is not allowed to be empty[39m
[2025-04-04 09:35:59] - [error] - [31m"title" is not allowed to be empty[39m
[2025-04-04 10:10:05] - [error] - [31m"completedTasks" is not allowed[39m
[2025-04-04 10:10:17] - [error] - [31m"completedTasks" is not allowed[39m
